2024-01-12 03:00:07 - INFO - BEGIN (implicit)
2024-01-12 03:00:07 - INFO - PRAGMA main.table_info("student")
2024-01-12 03:00:07 - INFO - [raw sql] ()
2024-01-12 03:00:07 - DEBUG - Col ('cid', 'name', 'type', 'notnull', 'dflt_value', 'pk')
2024-01-12 03:00:07 - INFO - PRAGMA temp.table_info("student")
2024-01-12 03:00:07 - INFO - [raw sql] ()
2024-01-12 03:00:07 - DEBUG - Col ('cid', 'name', 'type', 'notnull', 'dflt_value', 'pk')
2024-01-12 03:00:07 - INFO - PRAGMA main.table_info("teacher")
2024-01-12 03:00:07 - INFO - [raw sql] ()
2024-01-12 03:00:07 - DEBUG - Col ('cid', 'name', 'type', 'notnull', 'dflt_value', 'pk')
2024-01-12 03:00:07 - INFO - PRAGMA temp.table_info("teacher")
2024-01-12 03:00:07 - INFO - [raw sql] ()
2024-01-12 03:00:07 - DEBUG - Col ('cid', 'name', 'type', 'notnull', 'dflt_value', 'pk')
2024-01-12 03:00:07 - INFO - 
CREATE TABLE student (
	uid INTEGER NOT NULL, 
	email TEXT NOT NULL, 
	passcode TEXT NOT NULL, 
	PRIMARY KEY (uid), 
	UNIQUE (email)
)


2024-01-12 03:00:07 - INFO - [no key 0.00004s] ()
2024-01-12 03:00:07 - INFO - 
CREATE TABLE teacher (
	uid INTEGER NOT NULL, 
	email TEXT NOT NULL, 
	passcode TEXT NOT NULL, 
	PRIMARY KEY (uid), 
	UNIQUE (email)
)


2024-01-12 03:00:07 - INFO - [no key 0.00009s] ()
2024-01-12 03:00:07 - INFO - COMMIT
2024-01-12 03:00:08 - INFO - BEGIN (implicit)
2024-01-12 03:00:08 - INFO - INSERT INTO student (uid, email, passcode) VALUES (?, ?, ?)
2024-01-12 03:00:08 - INFO - [generated in 0.00013s] (221078, 'kevin.nadar@student.sfit.ac.in', '$2b$12$75j8f/uc2FhexvW93j12ee3NVfrxYqpuQaKrXgeYziRor6.CRjJwa')
2024-01-12 03:00:08 - INFO - COMMIT
2024-01-12 03:00:08 - INFO - BEGIN (implicit)
2024-01-12 03:00:08 - INFO - SELECT student.uid AS student_uid, student.email AS student_email, student.passcode AS student_passcode 
FROM student 
WHERE student.uid = ?
2024-01-12 03:00:08 - INFO - [generated in 0.00009s] (221078,)
2024-01-12 03:00:08 - DEBUG - Col ('student_uid', 'student_email', 'student_passcode')
2024-01-12 03:00:08 - DEBUG - Row (221078, 'kevin.nadar@student.sfit.ac.in', '$2b$12$75j8f/uc2FhexvW93j12ee3NVfrxYqpuQaKrXgeYziRor6.CRjJwa')
2024-01-12 03:00:08 - INFO - Added student with pid 221078
2024-01-12 03:00:08 - INFO - INSERT INTO student (uid, email, passcode) VALUES (?, ?, ?)
2024-01-12 03:00:08 - INFO - [cached since 0.2425s ago] (221077, 'ajay.nadar@student.sfit.ac.in', '$2b$12$4HMTSQeI9qJq6o5AFh9Jx.XgXQfrPwLmz8y1W2Q4SwGyJPoIC8bCa')
2024-01-12 03:00:08 - INFO - COMMIT
2024-01-12 03:00:08 - INFO - BEGIN (implicit)
2024-01-12 03:00:08 - INFO - SELECT student.uid AS student_uid, student.email AS student_email, student.passcode AS student_passcode 
FROM student 
WHERE student.uid = ?
2024-01-12 03:00:08 - INFO - [cached since 0.2412s ago] (221077,)
2024-01-12 03:00:08 - DEBUG - Col ('student_uid', 'student_email', 'student_passcode')
2024-01-12 03:00:08 - DEBUG - Row (221077, 'ajay.nadar@student.sfit.ac.in', '$2b$12$4HMTSQeI9qJq6o5AFh9Jx.XgXQfrPwLmz8y1W2Q4SwGyJPoIC8bCa')
2024-01-12 03:00:08 - INFO - Added student with pid 221077
2024-01-12 03:00:08 - INFO - INSERT INTO teacher (uid, email, passcode) VALUES (?, ?, ?)
2024-01-12 03:00:08 - INFO - [generated in 0.00016s] (671973, 'garima.singh@sfit.ac.in', '$2b$12$RhJ1RGwFetus0H2D7FpDoOwqEID2aEAGJAdo8bhpFfTBKwCdHBeWO')
2024-01-12 03:00:08 - INFO - COMMIT
2024-01-12 03:00:08 - INFO - BEGIN (implicit)
2024-01-12 03:00:08 - INFO - SELECT teacher.uid AS teacher_uid, teacher.email AS teacher_email, teacher.passcode AS teacher_passcode 
FROM teacher 
WHERE teacher.uid = ?
2024-01-12 03:00:08 - INFO - [generated in 0.00007s] (671973,)
2024-01-12 03:00:08 - DEBUG - Col ('teacher_uid', 'teacher_email', 'teacher_passcode')
2024-01-12 03:00:08 - DEBUG - Row (671973, 'garima.singh@sfit.ac.in', '$2b$12$RhJ1RGwFetus0H2D7FpDoOwqEID2aEAGJAdo8bhpFfTBKwCdHBeWO')
2024-01-12 03:00:08 - INFO - Added teacher with uid 671973
2024-01-12 03:00:08 - INFO - INSERT INTO teacher (uid, email, passcode) VALUES (?, ?, ?)
2024-01-12 03:00:08 - INFO - [cached since 0.2395s ago] (728587, 'sonali.suryawanshi@sfit.ac.in', '$2b$12$DYEk9EH3o/R4uWT7oed4iuYgx7wbx8qRP7/NJJ07fNfJlGlLMu38e')
2024-01-12 03:00:08 - INFO - COMMIT
2024-01-12 03:00:08 - INFO - BEGIN (implicit)
2024-01-12 03:00:08 - INFO - SELECT teacher.uid AS teacher_uid, teacher.email AS teacher_email, teacher.passcode AS teacher_passcode 
FROM teacher 
WHERE teacher.uid = ?
2024-01-12 03:00:08 - INFO - [cached since 0.2392s ago] (728587,)
2024-01-12 03:00:08 - DEBUG - Col ('teacher_uid', 'teacher_email', 'teacher_passcode')
2024-01-12 03:00:08 - DEBUG - Row (728587, 'sonali.suryawanshi@sfit.ac.in', '$2b$12$DYEk9EH3o/R4uWT7oed4iuYgx7wbx8qRP7/NJJ07fNfJlGlLMu38e')
2024-01-12 03:00:08 - INFO - Added teacher with uid 728587
